<?xml version="1.0" encoding="UTF-8"?>
<!-- Generated by org.testng.reporters.JUnitReportReporter -->
<testsuite hostname="ASISH" failures="0" tests="3" name="tests.LoginTest" time="32.524" errors="0" timestamp="2023-12-02T13:47:33 IST" skipped="0">
  <testcase classname="tests.LoginTest" name="test_Login_Page" time="8.918"/>
  <system-out/>
  <testcase classname="tests.LoginTest" name="test_Login_Page" time="14.403"/>
  <system-out/>
  <testcase classname="tests.LoginTest" name="test_Login_Page" time="9.203"/>
  <system-out/>
</testsuite> <!-- tests.LoginTest -->
